<?xml version="1.0" encoding="UTF-8"?>
<testsuite xmlns:xsi="http://www.w3.org/2001/XMLSchema-instance" xsi:noNamespaceSchemaLocation="https://maven.apache.org/surefire/maven-surefire-plugin/xsd/surefire-test-report.xsd" name="TestSuite" time="12.873" tests="1" errors="0" skipped="0" failures="1">
  <properties>
[...]
</properties>
  <testcase name="Ping_Test" classname="PingTests" time="1.484">
    <failure message="1 expectation failed.&#10;JSON path ids doesn&apos;t match.&#10;Expected: &lt;3&gt;&#10;  Actual: null&#10;" type="java.lang.AssertionError"><![CDATA[java.lang.AssertionError: 
1 expectation failed.
JSON path ids doesn't match.
Expected: <3>
  Actual: null

	at PingTests.Ping_Test(PingTests.java:16)
]]></failure>
    <system-out><![CDATA[[TestNGContentHandler] [WARN] It is strongly recommended to add "<!DOCTYPE suite SYSTEM "http://testng.org/testng-1.0.dtd" >" at the top of your file, otherwise TestNG may fail or not work as expected.
Running on https://api-coffee-testing.herokuapp.com environment
]]></system-out>
  </testcase>
</testsuite>